<?xml version="1.0" encoding="UTF-8"?>
<coverage generated="1749129841270" clover="3.2.0">
  <project timestamp="1749129841270" name="All files">
    <metrics statements="90" coveredstatements="49" conditionals="36" coveredconditionals="8" methods="16" coveredmethods="5" elements="142" coveredelements="62" complexity="0" loc="90" ncloc="90" packages="1" files="3" classes="3"/>
    <file name="app.js" path="C:\Users\jjDok\Desktop\lets-row\NodeJS-Authentication_with_Postgres\app.js">
      <metrics statements="58" coveredstatements="24" conditionals="22" coveredconditionals="0" methods="9" coveredmethods="1"/>
      <line num="2" count="1" type="stmt"/>
      <line num="3" count="1" type="stmt"/>
      <line num="4" count="1" type="stmt"/>
      <line num="5" count="1" type="stmt"/>
      <line num="6" count="1" type="stmt"/>
      <line num="7" count="1" type="stmt"/>
      <line num="9" count="1" type="stmt"/>
      <line num="10" count="1" type="stmt"/>
      <line num="12" count="1" type="stmt"/>
      <line num="15" count="1" type="stmt"/>
      <line num="16" count="1" type="stmt"/>
      <line num="18" count="1" type="stmt"/>
      <line num="26" count="1" type="stmt"/>
      <line num="27" count="1" type="stmt"/>
      <line num="28" count="1" type="stmt"/>
      <line num="32" count="0" type="cond" truecount="0" falsecount="2"/>
      <line num="33" count="0" type="stmt"/>
      <line num="35" count="0" type="stmt"/>
      <line num="39" count="0" type="cond" truecount="0" falsecount="2"/>
      <line num="40" count="0" type="stmt"/>
      <line num="42" count="0" type="stmt"/>
      <line num="46" count="1" type="stmt"/>
      <line num="47" count="1" type="stmt"/>
      <line num="50" count="1" type="stmt"/>
      <line num="51" count="0" type="stmt"/>
      <line num="54" count="1" type="stmt"/>
      <line num="55" count="0" type="stmt"/>
      <line num="60" count="1" type="stmt"/>
      <line num="61" count="0" type="cond" truecount="0" falsecount="2"/>
      <line num="64" count="1" type="stmt"/>
      <line num="65" count="0" type="stmt"/>
      <line num="66" count="0" type="cond" truecount="0" falsecount="2"/>
      <line num="67" count="0" type="stmt"/>
      <line num="68" count="0" type="stmt"/>
      <line num="72" count="1" type="stmt"/>
      <line num="73" count="0" type="stmt"/>
      <line num="74" count="0" type="stmt"/>
      <line num="76" count="0" type="cond" truecount="0" falsecount="6"/>
      <line num="77" count="0" type="stmt"/>
      <line num="80" count="0" type="cond" truecount="0" falsecount="2"/>
      <line num="81" count="0" type="stmt"/>
      <line num="84" count="0" type="cond" truecount="0" falsecount="2"/>
      <line num="85" count="0" type="stmt"/>
      <line num="88" count="0" type="cond" truecount="0" falsecount="2"/>
      <line num="89" count="0" type="stmt"/>
      <line num="92" count="0" type="stmt"/>
      <line num="93" count="0" type="stmt"/>
      <line num="95" count="0" type="stmt"/>
      <line num="100" count="0" type="cond" truecount="0" falsecount="2"/>
      <line num="101" count="0" type="stmt"/>
      <line num="102" count="0" type="stmt"/>
      <line num="105" count="0" type="stmt"/>
      <line num="110" count="0" type="stmt"/>
      <line num="111" count="0" type="stmt"/>
      <line num="113" count="0" type="stmt"/>
      <line num="114" count="0" type="stmt"/>
      <line num="118" count="1" type="stmt"/>
      <line num="127" count="1" type="stmt"/>
    </file>
    <file name="dbConfig.js" path="C:\Users\jjDok\Desktop\lets-row\NodeJS-Authentication_with_Postgres\dbConfig.js">
      <metrics statements="6" coveredstatements="6" conditionals="4" coveredconditionals="2" methods="0" coveredmethods="0"/>
      <line num="18" count="2" type="stmt"/>
      <line num="20" count="2" type="stmt"/>
      <line num="23" count="2" type="stmt"/>
      <line num="26" count="2" type="stmt"/>
      <line num="29" count="2" type="stmt"/>
      <line num="34" count="2" type="stmt"/>
    </file>
    <file name="passportConfig.js" path="C:\Users\jjDok\Desktop\lets-row\NodeJS-Authentication_with_Postgres\passportConfig.js">
      <metrics statements="26" coveredstatements="19" conditionals="10" coveredconditionals="6" methods="7" coveredmethods="4"/>
      <line num="1" count="2" type="stmt"/>
      <line num="2" count="2" type="stmt"/>
      <line num="3" count="2" type="stmt"/>
      <line num="6" count="2" type="stmt"/>
      <line num="7" count="3" type="stmt"/>
      <line num="11" count="3" type="cond" truecount="1" falsecount="1"/>
      <line num="12" count="0" type="stmt"/>
      <line num="14" count="3" type="stmt"/>
      <line num="16" count="3" type="cond" truecount="2" falsecount="0"/>
      <line num="17" count="2" type="stmt"/>
      <line num="19" count="2" type="stmt"/>
      <line num="20" count="2" type="cond" truecount="1" falsecount="1"/>
      <line num="21" count="0" type="stmt"/>
      <line num="23" count="2" type="cond" truecount="2" falsecount="0"/>
      <line num="24" count="1" type="stmt"/>
      <line num="26" count="1" type="stmt"/>
      <line num="30" count="1" type="stmt"/>
      <line num="36" count="2" type="stmt"/>
      <line num="44" count="2" type="stmt"/>
      <line num="45" count="0" type="stmt"/>
      <line num="48" count="2" type="stmt"/>
      <line num="49" count="0" type="stmt"/>
      <line num="50" count="0" type="cond" truecount="0" falsecount="2"/>
      <line num="51" count="0" type="stmt"/>
      <line num="53" count="0" type="stmt"/>
      <line num="58" count="2" type="stmt"/>
    </file>
  </project>
</coverage>
