{"C:\\Users\\jjDok\\Desktop\\lets-row\\NodeJS-Authentication_with_Postgres\\app.js": {"path":"C:\\Users\\jjDok\\Desktop\\lets-row\\NodeJS-Authentication_with_Postgres\\app.js","statementMap":{"0":{"start":{"line":2,"column":16},"end":{"line":2,"column":34}},"1":{"start":{"line":3,"column":16},"end":{"line":3,"column":42}},"2":{"start":{"line":4,"column":14},"end":{"line":4,"column":30}},"3":{"start":{"line":5,"column":17},"end":{"line":5,"column":36}},"4":{"start":{"line":6,"column":15},"end":{"line":6,"column":32}},"5":{"start":{"line":7,"column":17},"end":{"line":7,"column":38}},"6":{"start":{"line":9,"column":27},"end":{"line":9,"column":54}},"7":{"start":{"line":10,"column":0},"end":{"line":10,"column":29}},"8":{"start":{"line":12,"column":12},"end":{"line":12,"column":21}},"9":{"start":{"line":15,"column":0},"end":{"line":15,"column":30}},"10":{"start":{"line":16,"column":0},"end":{"line":16,"column":49}},"11":{"start":{"line":18,"column":0},"end":{"line":24,"column":2}},"12":{"start":{"line":26,"column":0},"end":{"line":26,"column":31}},"13":{"start":{"line":27,"column":0},"end":{"line":27,"column":28}},"14":{"start":{"line":28,"column":0},"end":{"line":28,"column":17}},"15":{"start":{"line":32,"column":2},"end":{"line":34,"column":3}},"16":{"start":{"line":33,"column":4},"end":{"line":33,"column":44}},"17":{"start":{"line":35,"column":2},"end":{"line":35,"column":9}},"18":{"start":{"line":39,"column":2},"end":{"line":41,"column":3}},"19":{"start":{"line":40,"column":4},"end":{"line":40,"column":18}},"20":{"start":{"line":42,"column":2},"end":{"line":42,"column":31}},"21":{"start":{"line":46,"column":0},"end":{"line":48,"column":3}},"22":{"start":{"line":47,"column":2},"end":{"line":47,"column":47}},"23":{"start":{"line":50,"column":0},"end":{"line":52,"column":3}},"24":{"start":{"line":51,"column":2},"end":{"line":51,"column":25}},"25":{"start":{"line":54,"column":0},"end":{"line":58,"column":3}},"26":{"start":{"line":55,"column":2},"end":{"line":57,"column":5}},"27":{"start":{"line":60,"column":0},"end":{"line":62,"column":3}},"28":{"start":{"line":61,"column":2},"end":{"line":61,"column":63}},"29":{"start":{"line":64,"column":0},"end":{"line":70,"column":3}},"30":{"start":{"line":65,"column":2},"end":{"line":69,"column":5}},"31":{"start":{"line":66,"column":4},"end":{"line":66,"column":30}},"32":{"start":{"line":66,"column":13},"end":{"line":66,"column":30}},"33":{"start":{"line":67,"column":4},"end":{"line":67,"column":51}},"34":{"start":{"line":68,"column":4},"end":{"line":68,"column":33}},"35":{"start":{"line":72,"column":0},"end":{"line":116,"column":3}},"36":{"start":{"line":73,"column":45},"end":{"line":73,"column":53}},"37":{"start":{"line":74,"column":15},"end":{"line":74,"column":17}},"38":{"start":{"line":76,"column":2},"end":{"line":78,"column":3}},"39":{"start":{"line":77,"column":4},"end":{"line":77,"column":56}},"40":{"start":{"line":80,"column":2},"end":{"line":82,"column":3}},"41":{"start":{"line":81,"column":4},"end":{"line":81,"column":74}},"42":{"start":{"line":84,"column":2},"end":{"line":86,"column":3}},"43":{"start":{"line":85,"column":4},"end":{"line":85,"column":56}},"44":{"start":{"line":88,"column":2},"end":{"line":90,"column":3}},"45":{"start":{"line":89,"column":4},"end":{"line":89,"column":46}},"46":{"start":{"line":92,"column":2},"end":{"line":115,"column":3}},"47":{"start":{"line":93,"column":27},"end":{"line":93,"column":58}},"48":{"start":{"line":95,"column":25},"end":{"line":98,"column":5}},"49":{"start":{"line":100,"column":4},"end":{"line":103,"column":5}},"50":{"start":{"line":101,"column":6},"end":{"line":101,"column":62}},"51":{"start":{"line":102,"column":6},"end":{"line":102,"column":48}},"52":{"start":{"line":105,"column":4},"end":{"line":108,"column":6}},"53":{"start":{"line":110,"column":4},"end":{"line":110,"column":70}},"54":{"start":{"line":111,"column":4},"end":{"line":111,"column":33}},"55":{"start":{"line":113,"column":4},"end":{"line":113,"column":23}},"56":{"start":{"line":114,"column":4},"end":{"line":114,"column":41}},"57":{"start":{"line":118,"column":0},"end":{"line":125,"column":2}},"58":{"start":{"line":127,"column":0},"end":{"line":127,"column":21}}},"fnMap":{"0":{"name":"checkAuthenticated","decl":{"start":{"line":31,"column":9},"end":{"line":31,"column":27}},"loc":{"start":{"line":31,"column":44},"end":{"line":36,"column":1}},"line":31},"1":{"name":"checkNotAuthenticated","decl":{"start":{"line":38,"column":9},"end":{"line":38,"column":30}},"loc":{"start":{"line":38,"column":47},"end":{"line":43,"column":1}},"line":38},"2":{"name":"(anonymous_2)","decl":{"start":{"line":46,"column":13},"end":{"line":46,"column":14}},"loc":{"start":{"line":46,"column":27},"end":{"line":48,"column":1}},"line":46},"3":{"name":"(anonymous_3)","decl":{"start":{"line":50,"column":47},"end":{"line":50,"column":48}},"loc":{"start":{"line":50,"column":61},"end":{"line":52,"column":1}},"line":50},"4":{"name":"(anonymous_4)","decl":{"start":{"line":54,"column":44},"end":{"line":54,"column":45}},"loc":{"start":{"line":54,"column":58},"end":{"line":58,"column":1}},"line":54},"5":{"name":"(anonymous_5)","decl":{"start":{"line":60,"column":51},"end":{"line":60,"column":52}},"loc":{"start":{"line":60,"column":65},"end":{"line":62,"column":1}},"line":60},"6":{"name":"(anonymous_6)","decl":{"start":{"line":64,"column":25},"end":{"line":64,"column":26}},"loc":{"start":{"line":64,"column":39},"end":{"line":70,"column":1}},"line":64},"7":{"name":"(anonymous_7)","decl":{"start":{"line":65,"column":13},"end":{"line":65,"column":14}},"loc":{"start":{"line":65,"column":22},"end":{"line":69,"column":3}},"line":65},"8":{"name":"(anonymous_8)","decl":{"start":{"line":72,"column":28},"end":{"line":72,"column":29}},"loc":{"start":{"line":72,"column":48},"end":{"line":116,"column":1}},"line":72}},"branchMap":{"0":{"loc":{"start":{"line":32,"column":2},"end":{"line":34,"column":3}},"type":"if","locations":[{"start":{"line":32,"column":2},"end":{"line":34,"column":3}},{"start":{},"end":{}}],"line":32},"1":{"loc":{"start":{"line":39,"column":2},"end":{"line":41,"column":3}},"type":"if","locations":[{"start":{"line":39,"column":2},"end":{"line":41,"column":3}},{"start":{},"end":{}}],"line":39},"2":{"loc":{"start":{"line":61,"column":34},"end":{"line":61,"column":59}},"type":"binary-expr","locations":[{"start":{"line":61,"column":34},"end":{"line":61,"column":48}},{"start":{"line":61,"column":52},"end":{"line":61,"column":59}}],"line":61},"3":{"loc":{"start":{"line":66,"column":4},"end":{"line":66,"column":30}},"type":"if","locations":[{"start":{"line":66,"column":4},"end":{"line":66,"column":30}},{"start":{},"end":{}}],"line":66},"4":{"loc":{"start":{"line":76,"column":2},"end":{"line":78,"column":3}},"type":"if","locations":[{"start":{"line":76,"column":2},"end":{"line":78,"column":3}},{"start":{},"end":{}}],"line":76},"5":{"loc":{"start":{"line":76,"column":6},"end":{"line":76,"column":48}},"type":"binary-expr","locations":[{"start":{"line":76,"column":6},"end":{"line":76,"column":11}},{"start":{"line":76,"column":15},"end":{"line":76,"column":21}},{"start":{"line":76,"column":25},"end":{"line":76,"column":34}},{"start":{"line":76,"column":38},"end":{"line":76,"column":48}}],"line":76},"6":{"loc":{"start":{"line":80,"column":2},"end":{"line":82,"column":3}},"type":"if","locations":[{"start":{"line":80,"column":2},"end":{"line":82,"column":3}},{"start":{},"end":{}}],"line":80},"7":{"loc":{"start":{"line":84,"column":2},"end":{"line":86,"column":3}},"type":"if","locations":[{"start":{"line":84,"column":2},"end":{"line":86,"column":3}},{"start":{},"end":{}}],"line":84},"8":{"loc":{"start":{"line":88,"column":2},"end":{"line":90,"column":3}},"type":"if","locations":[{"start":{"line":88,"column":2},"end":{"line":90,"column":3}},{"start":{},"end":{}}],"line":88},"9":{"loc":{"start":{"line":100,"column":4},"end":{"line":103,"column":5}},"type":"if","locations":[{"start":{"line":100,"column":4},"end":{"line":103,"column":5}},{"start":{},"end":{}}],"line":100}},"s":{"0":1,"1":1,"2":1,"3":1,"4":1,"5":1,"6":1,"7":1,"8":1,"9":1,"10":1,"11":1,"12":1,"13":1,"14":1,"15":0,"16":0,"17":0,"18":0,"19":0,"20":0,"21":1,"22":1,"23":1,"24":0,"25":1,"26":0,"27":1,"28":0,"29":1,"30":0,"31":0,"32":0,"33":0,"34":0,"35":1,"36":0,"37":0,"38":0,"39":0,"40":0,"41":0,"42":0,"43":0,"44":0,"45":0,"46":0,"47":0,"48":0,"49":0,"50":0,"51":0,"52":0,"53":0,"54":0,"55":0,"56":0,"57":1,"58":1},"f":{"0":0,"1":0,"2":1,"3":0,"4":0,"5":0,"6":0,"7":0,"8":0},"b":{"0":[0,0],"1":[0,0],"2":[0,0],"3":[0,0],"4":[0,0],"5":[0,0,0,0],"6":[0,0],"7":[0,0],"8":[0,0],"9":[0,0]},"_coverageSchema":"1a1c01bbd47fc00a2c39e90264f33305004495a9","hash":"e29b5fee02037092c3c1576b1d793ee52498a5f9"}
,"C:\\Users\\jjDok\\Desktop\\lets-row\\NodeJS-Authentication_with_Postgres\\dbConfig.js": {"path":"C:\\Users\\jjDok\\Desktop\\lets-row\\NodeJS-Authentication_with_Postgres\\dbConfig.js","statementMap":{"0":{"start":{"line":18,"column":0},"end":{"line":18,"column":27}},"1":{"start":{"line":20,"column":17},"end":{"line":20,"column":30}},"2":{"start":{"line":23,"column":21},"end":{"line":23,"column":58}},"3":{"start":{"line":26,"column":25},"end":{"line":26,"column":162}},"4":{"start":{"line":29,"column":13},"end":{"line":32,"column":2}},"5":{"start":{"line":34,"column":0},"end":{"line":34,"column":26}}},"fnMap":{},"branchMap":{"0":{"loc":{"start":{"line":30,"column":22},"end":{"line":30,"column":80}},"type":"cond-expr","locations":[{"start":{"line":30,"column":37},"end":{"line":30,"column":61}},{"start":{"line":30,"column":64},"end":{"line":30,"column":80}}],"line":30},"1":{"loc":{"start":{"line":31,"column":9},"end":{"line":31,"column":61}},"type":"cond-expr","locations":[{"start":{"line":31,"column":24},"end":{"line":31,"column":53}},{"start":{"line":31,"column":56},"end":{"line":31,"column":61}}],"line":31}},"s":{"0":2,"1":2,"2":2,"3":2,"4":2,"5":2},"f":{},"b":{"0":[0,2],"1":[0,2]},"_coverageSchema":"1a1c01bbd47fc00a2c39e90264f33305004495a9","hash":"251d61aa8575d6e3310d5b3ed04bdcf173c0ff8f"}
,"C:\\Users\\jjDok\\Desktop\\lets-row\\NodeJS-Authentication_with_Postgres\\passportConfig.js": {"path":"C:\\Users\\jjDok\\Desktop\\lets-row\\NodeJS-Authentication_with_Postgres\\passportConfig.js","statementMap":{"0":{"start":{"line":1,"column":22},"end":{"line":1,"column":56}},"1":{"start":{"line":2,"column":17},"end":{"line":2,"column":38}},"2":{"start":{"line":3,"column":15},"end":{"line":3,"column":32}},"3":{"start":{"line":6,"column":29},"end":{"line":34,"column":5}},"4":{"start":{"line":7,"column":8},"end":{"line":33,"column":10}},"5":{"start":{"line":11,"column":16},"end":{"line":13,"column":17}},"6":{"start":{"line":12,"column":20},"end":{"line":12,"column":37}},"7":{"start":{"line":14,"column":16},"end":{"line":14,"column":42}},"8":{"start":{"line":16,"column":16},"end":{"line":31,"column":17}},"9":{"start":{"line":17,"column":33},"end":{"line":17,"column":48}},"10":{"start":{"line":19,"column":20},"end":{"line":28,"column":23}},"11":{"start":{"line":20,"column":24},"end":{"line":22,"column":25}},"12":{"start":{"line":21,"column":28},"end":{"line":21,"column":45}},"13":{"start":{"line":23,"column":24},"end":{"line":27,"column":25}},"14":{"start":{"line":24,"column":28},"end":{"line":24,"column":52}},"15":{"start":{"line":26,"column":28},"end":{"line":26,"column":91}},"16":{"start":{"line":30,"column":20},"end":{"line":30,"column":85}},"17":{"start":{"line":36,"column":4},"end":{"line":42,"column":6}},"18":{"start":{"line":44,"column":4},"end":{"line":46,"column":7}},"19":{"start":{"line":45,"column":8},"end":{"line":45,"column":28}},"20":{"start":{"line":48,"column":4},"end":{"line":55,"column":7}},"21":{"start":{"line":49,"column":8},"end":{"line":54,"column":11}},"22":{"start":{"line":50,"column":12},"end":{"line":52,"column":13}},"23":{"start":{"line":51,"column":16},"end":{"line":51,"column":33}},"24":{"start":{"line":53,"column":12},"end":{"line":53,"column":47}},"25":{"start":{"line":58,"column":0},"end":{"line":58,"column":28}}},"fnMap":{"0":{"name":"initialize","decl":{"start":{"line":5,"column":9},"end":{"line":5,"column":19}},"loc":{"start":{"line":5,"column":30},"end":{"line":56,"column":1}},"line":5},"1":{"name":"(anonymous_1)","decl":{"start":{"line":6,"column":29},"end":{"line":6,"column":30}},"loc":{"start":{"line":6,"column":56},"end":{"line":34,"column":5}},"line":6},"2":{"name":"(anonymous_2)","decl":{"start":{"line":10,"column":12},"end":{"line":10,"column":13}},"loc":{"start":{"line":10,"column":30},"end":{"line":32,"column":13}},"line":10},"3":{"name":"(anonymous_3)","decl":{"start":{"line":19,"column":60},"end":{"line":19,"column":61}},"loc":{"start":{"line":19,"column":78},"end":{"line":28,"column":21}},"line":19},"4":{"name":"(anonymous_4)","decl":{"start":{"line":44,"column":27},"end":{"line":44,"column":28}},"loc":{"start":{"line":44,"column":43},"end":{"line":46,"column":5}},"line":44},"5":{"name":"(anonymous_5)","decl":{"start":{"line":48,"column":29},"end":{"line":48,"column":30}},"loc":{"start":{"line":48,"column":43},"end":{"line":55,"column":5}},"line":48},"6":{"name":"(anonymous_6)","decl":{"start":{"line":49,"column":62},"end":{"line":49,"column":63}},"loc":{"start":{"line":49,"column":80},"end":{"line":54,"column":9}},"line":49}},"branchMap":{"0":{"loc":{"start":{"line":11,"column":16},"end":{"line":13,"column":17}},"type":"if","locations":[{"start":{"line":11,"column":16},"end":{"line":13,"column":17}},{"start":{},"end":{}}],"line":11},"1":{"loc":{"start":{"line":16,"column":16},"end":{"line":31,"column":17}},"type":"if","locations":[{"start":{"line":16,"column":16},"end":{"line":31,"column":17}},{"start":{"line":29,"column":23},"end":{"line":31,"column":17}}],"line":16},"2":{"loc":{"start":{"line":20,"column":24},"end":{"line":22,"column":25}},"type":"if","locations":[{"start":{"line":20,"column":24},"end":{"line":22,"column":25}},{"start":{},"end":{}}],"line":20},"3":{"loc":{"start":{"line":23,"column":24},"end":{"line":27,"column":25}},"type":"if","locations":[{"start":{"line":23,"column":24},"end":{"line":27,"column":25}},{"start":{"line":25,"column":31},"end":{"line":27,"column":25}}],"line":23},"4":{"loc":{"start":{"line":50,"column":12},"end":{"line":52,"column":13}},"type":"if","locations":[{"start":{"line":50,"column":12},"end":{"line":52,"column":13}},{"start":{},"end":{}}],"line":50}},"s":{"0":2,"1":2,"2":2,"3":2,"4":3,"5":3,"6":0,"7":3,"8":3,"9":2,"10":2,"11":2,"12":0,"13":2,"14":1,"15":1,"16":1,"17":2,"18":2,"19":0,"20":2,"21":0,"22":0,"23":0,"24":0,"25":2},"f":{"0":2,"1":3,"2":3,"3":2,"4":0,"5":0,"6":0},"b":{"0":[0,3],"1":[2,1],"2":[0,2],"3":[1,1],"4":[0,0]},"_coverageSchema":"1a1c01bbd47fc00a2c39e90264f33305004495a9","hash":"a6ce872ee774c26f8d5e5b5ddb6744e75b8dcf86"}
}
