TN:
SF:app.js
FN:31,checkAuthenticated
FN:38,checkNotAuthenticated
FN:46,(anonymous_2)
FN:50,(anonymous_3)
FN:54,(anonymous_4)
FN:60,(anonymous_5)
FN:64,(anonymous_6)
FN:65,(anonymous_7)
FN:72,(anonymous_8)
FNF:9
FNH:1
FNDA:0,checkAuthenticated
FNDA:0,checkNotAuthenticated
FNDA:1,(anonymous_2)
FNDA:0,(anonymous_3)
FNDA:0,(anonymous_4)
FNDA:0,(anonymous_5)
FNDA:0,(anonymous_6)
FNDA:0,(anonymous_7)
FNDA:0,(anonymous_8)
DA:2,1
DA:3,1
DA:4,1
DA:5,1
DA:6,1
DA:7,1
DA:9,1
DA:10,1
DA:12,1
DA:15,1
DA:16,1
DA:18,1
DA:26,1
DA:27,1
DA:28,1
DA:32,0
DA:33,0
DA:35,0
DA:39,0
DA:40,0
DA:42,0
DA:46,1
DA:47,1
DA:50,1
DA:51,0
DA:54,1
DA:55,0
DA:60,1
DA:61,0
DA:64,1
DA:65,0
DA:66,0
DA:67,0
DA:68,0
DA:72,1
DA:73,0
DA:74,0
DA:76,0
DA:77,0
DA:80,0
DA:81,0
DA:84,0
DA:85,0
DA:88,0
DA:89,0
DA:92,0
DA:93,0
DA:95,0
DA:100,0
DA:101,0
DA:102,0
DA:105,0
DA:110,0
DA:111,0
DA:113,0
DA:114,0
DA:118,1
DA:127,1
LF:58
LH:24
BRDA:32,0,0,0
BRDA:32,0,1,0
BRDA:39,1,0,0
BRDA:39,1,1,0
BRDA:61,2,0,0
BRDA:61,2,1,0
BRDA:66,3,0,0
BRDA:66,3,1,0
BRDA:76,4,0,0
BRDA:76,4,1,0
BRDA:76,5,0,0
BRDA:76,5,1,0
BRDA:76,5,2,0
BRDA:76,5,3,0
BRDA:80,6,0,0
BRDA:80,6,1,0
BRDA:84,7,0,0
BRDA:84,7,1,0
BRDA:88,8,0,0
BRDA:88,8,1,0
BRDA:100,9,0,0
BRDA:100,9,1,0
BRF:22
BRH:0
end_of_record
TN:
SF:dbConfig.js
FNF:0
FNH:0
DA:18,2
DA:20,2
DA:23,2
DA:26,2
DA:29,2
DA:34,2
LF:6
LH:6
BRDA:30,0,0,0
BRDA:30,0,1,2
BRDA:31,1,0,0
BRDA:31,1,1,2
BRF:4
BRH:2
end_of_record
TN:
SF:passportConfig.js
FN:5,initialize
FN:6,(anonymous_1)
FN:10,(anonymous_2)
FN:19,(anonymous_3)
FN:44,(anonymous_4)
FN:48,(anonymous_5)
FN:49,(anonymous_6)
FNF:7
FNH:4
FNDA:2,initialize
FNDA:3,(anonymous_1)
FNDA:3,(anonymous_2)
FNDA:2,(anonymous_3)
FNDA:0,(anonymous_4)
FNDA:0,(anonymous_5)
FNDA:0,(anonymous_6)
DA:1,2
DA:2,2
DA:3,2
DA:6,2
DA:7,3
DA:11,3
DA:12,0
DA:14,3
DA:16,3
DA:17,2
DA:19,2
DA:20,2
DA:21,0
DA:23,2
DA:24,1
DA:26,1
DA:30,1
DA:36,2
DA:44,2
DA:45,0
DA:48,2
DA:49,0
DA:50,0
DA:51,0
DA:53,0
DA:58,2
LF:26
LH:19
BRDA:11,0,0,0
BRDA:11,0,1,3
BRDA:16,1,0,2
BRDA:16,1,1,1
BRDA:20,2,0,0
BRDA:20,2,1,2
BRDA:23,3,0,1
BRDA:23,3,1,1
BRDA:50,4,0,0
BRDA:50,4,1,0
BRF:10
BRH:6
end_of_record
